{"level":"error","message":"Error al actualizar el carrito"}
{"level":"error","message":"Error al actualizar el carrito"}
{"level":"error","message":"Error al actualizar el carrito"}
{"level":"error","message":"Error al actualizar el carrito"}
{"level":"error","message":"Error al actualizar el carrito"}
{"level":"error","message":"Error al actualizar el carrito"}
{"level":"error","message":"Error al actualizar el carrito"}
{"level":"error","message":"Error al actualizar el carrito"}
{"level":"error","message":"Error al actualizar el carrito"}
{"level":"error","message":"Error al actualizar el carrito"}
{"level":"error","message":"Error al actualizar el carrito"}
{"level":"error","message":"Error al crear un producto"}
{"level":"error","message":"Error al crear un producto"}
{"level":"error","message":"Error al crear un producto"}
{"level":"error","message":"Error al crear un producto"}
{"level":"error","message":"Error al crear un producto"}
{"level":"error","message":"Error al crear un producto"}
{"level":"error","message":"Error al crear un producto"}
{"level":"error","message":"Error al crear un producto"}
{"level":"error","message":"Error al crear un producto"}
{"level":"error","message":"Error al crear un producto"}
{"level":"error","message":"Error al crear un producto"}
{"level":"error","message":"Error al crear un producto"}
{"level":"error","message":"Error al crear un producto"}
{"level":"error","message":"Error al crear un producto"}
{"level":"error","message":"Error al crear un producto"}
{"level":"error","message":"Error al crear un producto"}
{"level":"error","message":"Error al crear un producto"}
{"level":"error","message":"Error al crear un producto"}
{"level":"error","message":"Error al crear un producto"}
{"level":"error","message":"Error al crear un producto"}
{"level":"error","message":"Error al crear un producto"}
{"level":"error","message":"Error al crear un producto"}
{"level":"error","message":"Error al crear un producto"}
{"level":"error","message":"Error al crear un producto"}
{"level":"error","message":"Error al crear un producto"}
{"level":"error","message":"Error al crear un producto"}
{"level":"error","message":"Error al crear un producto"}
{"level":"error","message":"Error al crear un producto"}
{"level":"error","message":"Error al crear un producto"}
{"level":"error","message":"Error al crear un producto"}
{"level":"error","message":"Error al crear un producto"}
{"level":"error","message":"Error al crear un producto"}
{"level":"error","message":"Error al crear un producto"}
{"level":"error","message":"Error al crear un producto"}
{"level":"error","message":"Error al crear un producto"}
{"level":"error","message":"Error al crear un producto"}
{"level":"error","message":"Error al crear un producto"}
{"level":"error","message":"Error al crear un producto"}
{"level":"error","message":"Error al crear un producto"}
{"level":"error","message":"Error al crear un producto"}
{"level":"error","message":"Error al crear un producto"}
{"level":"error","message":"Error al crear un producto"}
{"level":"error","message":"Error al crear un producto"}
{"level":"error","message":"Error al crear un producto"}
{"level":"error","message":"Error al crear un producto"}
{"level":"error","message":"Error al crear un producto"}
{"level":"error","message":"Error al crear un producto"}
{"level":"error","message":"Error al encontrar el producto seleccionado"}
{"level":"error","message":"Error al crear un producto"}
{"level":"error","message":"Error al crear un producto"}
{"level":"error","message":"Error al crear un producto"}
{"level":"error","message":"Error al crear un producto"}
{"level":"error","message":"Error al crear un producto"}
{"level":"error","message":"Error al crear un producto"}
{"level":"error","message":"Error al encontrar el carrito seleccionado"}
{"level":"error","message":"Error al encontrar el carrito seleccionado"}
{"level":"error","message":"Error al encontrar el carrito seleccionado"}
{"level":"error","message":"Error al encontrar el carrito seleccionado"}
{"level":"error","message":"Error al encontrar el carrito seleccionado"}
{"level":"error","message":"Error al eliminar producto del carrito"}
{"level":"error","message":"Error al eliminar producto del carrito"}
{"level":"error","message":"Error al eliminar producto del carrito"}
{"level":"error","message":"Error al eliminar producto del carrito"}
{"level":"error","message":"Error al crear un producto"}
{"level":"error","message":"Error al crear un producto"}
{"level":"error","message":"Error al crear un producto"}
{"level":"error","message":"Error al crear un producto"}
{"level":"error","message":"Error al crear un producto"}
{"level":"error","message":"Error al crear un producto"}
{"level":"error","message":"Error al crear un producto"}
{"level":"error","message":"Error al crear un producto"}
{"level":"error","message":"Error al crear un producto"}
{"level":"error","message":"No se encontraron los productos"}
{"level":"error","message":"No se encontraron los productos"}
{"level":"error","message":"No se encontraron los productos"}
{"level":"error","message":"No se encontraron los productos"}
{"level":"error","message":"No se encontraron los productos"}
{"level":"error","message":"No se encontraron los productos"}
{"level":"error","message":"No se encontraron los productos"}
{"level":"error","message":"No se encontraron los productos"}
{"level":"error","message":"No se encontraron los productos"}
{"level":"error","message":"No se encontraron los productos"}
{"level":"error","message":"No se encontraron los productos"}
{"level":"error","message":"No se encontraron los productos"}
{"level":"error","message":"No se encontraron los productos"}
{"level":"error","message":"No se encontraron los productos"}
{"level":"error","message":"No se encontraron los productos"}
{"level":"error","message":"No se encontraron los productos"}
{"level":"error","message":"No se encontraron los productos"}
{"level":"error","message":"No se encontraron los productos"}
{"level":"error","message":"No se encontraron los productos"}
{"level":"error","message":"No se encontraron los productos"}
{"level":"error","message":"No se encontraron los productos"}
{"level":"error","message":"No se encontraron los productos"}
{"level":"error","message":"No se encontraron los productos"}
{"level":"error","message":"No se encontraron los productos"}
{"level":"error","message":"No se encontraron los productos"}
{"level":"error","message":"No se encontraron los productos"}
{"level":"error","message":"No se encontraron los productos"}
{"level":"error","message":"No se encontraron los productos"}
{"level":"error","message":"No se encontraron los productos"}
{"level":"error","message":"No se encontraron los productos"}
{"level":"error","message":"No se encontraron los productos"}
{"level":"error","message":"No se encontraron los productos"}
{"level":"error","message":"No se encontraron los productos"}
{"level":"error","message":"No se encontraron los productos"}
{"level":"error","message":"No se encontraron los productos"}
{"level":"error","message":"No se encontraron los productos"}
{"level":"error","message":"No se encontraron los productos"}
{"level":"error","message":"No se encontraron los productos"}
{"level":"error","message":"No se encontraron los productos"}
{"level":"error","message":"No se encontraron los productos"}
{"level":"error","message":"No se encontraron los productos"}
{"level":"error","message":"No se encontraron los productos"}
{"level":"error","message":"No se encontraron los productos"}
{"level":"error","message":"No se encontraron los productos"}
{"level":"error","message":"No se encontraron los productos"}
{"level":"error","message":"No se encontraron los productos"}
{"level":"error","message":"No se encontraron los productos"}
{"level":"error","message":"No se encontraron los productos"}
{"level":"error","message":"No se encontraron los productos"}
{"level":"error","message":"No se encontraron los productos"}
{"level":"error","message":"No se encontraron los productos"}
{"level":"error","message":"No se encontraron los productos"}
{"level":"error","message":"No se encontraron los productos"}
{"level":"error","message":"No se encontraron los productos"}
{"level":"error","message":"No se encontraron los productos"}
